#
# There is insufficient memory for the Java Runtime Environment to continue.
# Native memory allocation (mmap) failed to map 100663296 bytes for G1 virtual space
# Possible reasons:
#   The system is out of physical RAM or swap space
#   The process is running with CompressedOops enabled, and the Java Heap may be blocking the growth of the native heap
# Possible solutions:
#   Reduce memory load on the system
#   Increase physical memory or swap space
#   Check if swap backing store is full
#   Decrease Java heap size (-Xmx/-Xms)
#   Decrease number of Java threads
#   Decrease Java thread stack sizes (-Xss)
#   Set larger code cache with -XX:ReservedCodeCacheSize=
#   JVM is running with Unscaled Compressed Oops mode in which the Java heap is
#     placed in the first 4GB address space. The Java Heap base address is the
#     maximum limit for the native heap growth. Please use -XX:HeapBaseMinAddress
#     to set the Java Heap base and to place the Java Heap above 4GB virtual address.
# This output file may be truncated or incomplete.
#
#  Out of Memory Error (os_windows.cpp:3617), pid=11484, tid=16964
#
# JRE version:  (17.0.8+7) (build )
# Java VM: OpenJDK 64-Bit Server VM (17.0.8+7, mixed mode, sharing, tiered, compressed oops, compressed class ptrs, g1 gc, windows-amd64)
# No core dump will be written. Minidumps are not enabled by default on client versions of Windows
#

---------------  S U M M A R Y ------------

Command Line: -Dclassworlds.conf=D:\NetBeans 18\NetBeans-18\netbeans\java\maven\bin\m2.conf -Dmaven.home=D:\NetBeans 18\NetBeans-18\netbeans\java\maven -Dlibrary.jansi.path=D:\NetBeans 18\NetBeans-18\netbeans\java\maven\lib\jansi-native -Dmaven.multiModuleProjectDirectory=E:\1_University\Projects\6th semester\CSE 308 - Data Com\chat-app-master0001\chat-app-master org.codehaus.plexus.classworlds.launcher.Launcher -Dexec.vmArgs= -Dexec.args=${exec.vmArgs} -classpath %classpath ${exec.mainClass} ${exec.appArgs} -Dexec.appArgs= -Dexec.mainClass=client.ClientLauncher -Dexec.executable=C:\Users\SANJID\AppData\Local\Programs\Eclipse Adoptium\jdk-17.0.8.7-hotspot\bin\java.exe -Dmaven.ext.class.path=D:\NetBeans 18\NetBeans-18\netbeans\java\maven-nblib\netbeans-eventspy.jar --no-transfer-progress process-classes org.codehaus.mojo:exec-maven-plugin:3.1.0:exec

Host: AMD Ryzen 3 3250U with Radeon Graphics         , 4 cores, 5G,  Windows 11 , 64 bit Build 22621 (10.0.22621.3672)
Time: Thu Jun 20 09:47:02 2024 Bangladesh Standard Time elapsed time: 0.036166 seconds (0d 0h 0m 0s)

---------------  T H R E A D  ---------------

Current thread (0x000002679f92e000):  JavaThread "Unknown thread" [_thread_in_vm, id=16964, stack(0x000000c367e00000,0x000000c367f00000)]

Stack: [0x000000c367e00000,0x000000c367f00000]
Native frames: (J=compiled Java code, j=interpreted, Vv=VM code, C=native code)
V  [jvm.dll+0x678b0a]
V  [jvm.dll+0x835e84]
V  [jvm.dll+0x83762e]
V  [jvm.dll+0x837c93]
V  [jvm.dll+0x24746f]
V  [jvm.dll+0x675859]
V  [jvm.dll+0x66a0ea]
V  [jvm.dll+0x306c7b]
V  [jvm.dll+0x30e166]
V  [jvm.dll+0x35dd3e]
V  [jvm.dll+0x35df6f]
V  [jvm.dll+0x2ddb48]
V  [jvm.dll+0x2deab4]
V  [jvm.dll+0x807f31]
V  [jvm.dll+0x36bb21]
V  [jvm.dll+0x7e733c]
V  [jvm.dll+0x3ee4af]
V  [jvm.dll+0x3f00c1]
C  [jli.dll+0x528b]
C  [ucrtbase.dll+0x29333]
C  [KERNEL32.DLL+0x1257d]
C  [ntdll.dll+0x5aa48]


---------------  P R O C E S S  ---------------

Threads class SMR info:
_java_thread_list=0x00007ffda518a018, length=0, elements={
}

Java Threads: ( => current thread )

Other Threads:
  0x00000267a1b29bb0 GCTaskThread "GC Thread#0" [stack: 0x000000c367f00000,0x000000c368000000] [id=680]
  0x00000267a1b36980 ConcurrentGCThread "G1 Main Marker" [stack: 0x000000c368000000,0x000000c368100000] [id=10640]
  0x00000267a1b383a0 ConcurrentGCThread "G1 Conc#0" [stack: 0x000000c368100000,0x000000c368200000] [id=17964]

[error occurred during error reporting (printing all threads), id 0xc0000005, EXCEPTION_ACCESS_VIOLATION (0xc0000005) at pc=0x00007ffda495e587]

VM state: not at safepoint (not fully initialized)

VM Mutex/Monitor currently owned by a thread:  ([mutex/lock_event])
[0x00000267a1add8e0] Heap_lock - owner thread: 0x000002679f92e000

Heap address: 0x00000000a0c00000, size: 1524 MB, Compressed Oops mode: 32-bit

CDS archive(s) mapped at: [0x0000000000000000-0x0000000000000000-0x0000000000000000), size 0, SharedBaseAddress: 0x0000000800000000, ArchiveRelocationMode: 1.
Narrow klass base: 0x0000000000000000, Narrow klass shift: 0, Narrow klass range: 0x0

GC Precious Log:
<Empty>

Heap:
 garbage-first heap   total 0K, used 0K [0x00000000a0c00000, 0x0000000100000000)
  region size 1024K, 0 young (0K), 0 survivors (0K)

[error occurred during error reporting (printing heap information), id 0xc0000005, EXCEPTION_ACCESS_VIOLATION (0xc0000005) at pc=0x00007ffda4d42699]

GC Heap History (0 events):
No events

Dll operation events (1 events):
Event: 0.018 Loaded shared library C:\Users\SANJID\AppData\Local\Programs\Eclipse Adoptium\jdk-17.0.8.7-hotspot\bin\java.dll

Deoptimization events (0 events):
No events

Classes unloaded (0 events):
No events

Classes redefined (0 events):
No events

Internal exceptions (0 events):
No events

VM Operations (0 events):
No events

Events (0 events):
No events


Dynamic libraries:
0x00007ff694ab0000 - 0x00007ff694abe000 	C:\Users\SANJID\AppData\Local\Programs\Eclipse Adoptium\jdk-17.0.8.7-hotspot\bin\java.exe
0x00007ffdfa7b0000 - 0x00007ffdfa9c7000 	C:\Windows\SYSTEM32\ntdll.dll
0x00007ffdf8720000 - 0x00007ffdf87e4000 	C:\Windows\System32\KERNEL32.DLL
0x00007ffdf7cd0000 - 0x00007ffdf807c000 	C:\Windows\System32\KERNELBASE.dll
0x00007ffdf7b40000 - 0x00007ffdf7c51000 	C:\Windows\System32\ucrtbase.dll
0x00007ffdda300000 - 0x00007ffdda317000 	C:\Users\SANJID\AppData\Local\Programs\Eclipse Adoptium\jdk-17.0.8.7-hotspot\bin\jli.dll
0x00007ffdf8570000 - 0x00007ffdf871e000 	C:\Windows\System32\USER32.dll
0x00007ffdf7ae0000 - 0x00007ffdf7b06000 	C:\Windows\System32\win32u.dll
0x00007ffdfa1e0000 - 0x00007ffdfa209000 	C:\Windows\System32\GDI32.dll
0x00007ffdf8100000 - 0x00007ffdf8219000 	C:\Windows\System32\gdi32full.dll
0x00007ffdf8450000 - 0x00007ffdf84ea000 	C:\Windows\System32\msvcp_win.dll
0x00007ffde6610000 - 0x00007ffde6629000 	C:\Users\SANJID\AppData\Local\Programs\Eclipse Adoptium\jdk-17.0.8.7-hotspot\bin\VCRUNTIME140.dll
0x00007ffde7530000 - 0x00007ffde77c3000 	C:\Windows\WinSxS\amd64_microsoft.windows.common-controls_6595b64144ccf1df_6.0.22621.3672_none_2713b9d173822955\COMCTL32.dll
0x00007ffdfa5c0000 - 0x00007ffdfa667000 	C:\Windows\System32\msvcrt.dll
0x00007ffdf9b30000 - 0x00007ffdf9b61000 	C:\Windows\System32\IMM32.DLL
0x00007ffdede30000 - 0x00007ffdede3c000 	C:\Users\SANJID\AppData\Local\Programs\Eclipse Adoptium\jdk-17.0.8.7-hotspot\bin\vcruntime140_1.dll
0x00007ffdcb5b0000 - 0x00007ffdcb641000 	C:\Users\SANJID\AppData\Local\Programs\Eclipse Adoptium\jdk-17.0.8.7-hotspot\bin\msvcp140.dll
0x00007ffda4670000 - 0x00007ffda52bc000 	C:\Users\SANJID\AppData\Local\Programs\Eclipse Adoptium\jdk-17.0.8.7-hotspot\bin\server\jvm.dll
0x00007ffdf9fc0000 - 0x00007ffdfa072000 	C:\Windows\System32\ADVAPI32.dll
0x00007ffdf9b70000 - 0x00007ffdf9c18000 	C:\Windows\System32\sechost.dll
0x00007ffdf7b10000 - 0x00007ffdf7b38000 	C:\Windows\System32\bcrypt.dll
0x00007ffdfa4a0000 - 0x00007ffdfa5b5000 	C:\Windows\System32\RPCRT4.dll
0x00007ffdf79a0000 - 0x00007ffdf79ed000 	C:\Windows\SYSTEM32\POWRPROF.dll
0x00007ffdede10000 - 0x00007ffdede19000 	C:\Windows\SYSTEM32\WSOCK32.dll
0x00007ffdf9900000 - 0x00007ffdf9971000 	C:\Windows\System32\WS2_32.dll
0x00007ffdef610000 - 0x00007ffdef644000 	C:\Windows\SYSTEM32\WINMM.dll
0x00007ffdef8c0000 - 0x00007ffdef8ca000 	C:\Windows\SYSTEM32\VERSION.dll
0x00007ffdf7980000 - 0x00007ffdf7993000 	C:\Windows\SYSTEM32\UMPDC.dll
0x00007ffdf6ae0000 - 0x00007ffdf6af8000 	C:\Windows\SYSTEM32\kernel.appcore.dll
0x00007ffde7430000 - 0x00007ffde743a000 	C:\Users\SANJID\AppData\Local\Programs\Eclipse Adoptium\jdk-17.0.8.7-hotspot\bin\jimage.dll
0x00007ffde90c0000 - 0x00007ffde92f2000 	C:\Windows\SYSTEM32\DBGHELP.DLL
0x00007ffdf9c30000 - 0x00007ffdf9fb8000 	C:\Windows\System32\combase.dll
0x00007ffdf97f0000 - 0x00007ffdf98c7000 	C:\Windows\System32\OLEAUT32.dll
0x00007ffde1450000 - 0x00007ffde1482000 	C:\Windows\SYSTEM32\dbgcore.DLL
0x00007ffdf8080000 - 0x00007ffdf80fb000 	C:\Windows\System32\bcryptPrimitives.dll
0x00007ffdda420000 - 0x00007ffdda445000 	C:\Users\SANJID\AppData\Local\Programs\Eclipse Adoptium\jdk-17.0.8.7-hotspot\bin\java.dll

dbghelp: loaded successfully - version: 4.0.5 - missing functions: none
symbol engine: initialized successfully - sym options: 0x614 - pdb path: .;C:\Users\SANJID\AppData\Local\Programs\Eclipse Adoptium\jdk-17.0.8.7-hotspot\bin;C:\Windows\SYSTEM32;C:\Windows\WinSxS\amd64_microsoft.windows.common-controls_6595b64144ccf1df_6.0.22621.3672_none_2713b9d173822955;C:\Users\SANJID\AppData\Local\Programs\Eclipse Adoptium\jdk-17.0.8.7-hotspot\bin\server

VM Arguments:
jvm_args: -Dclassworlds.conf=D:\NetBeans 18\NetBeans-18\netbeans\java\maven\bin\m2.conf -Dmaven.home=D:\NetBeans 18\NetBeans-18\netbeans\java\maven -Dlibrary.jansi.path=D:\NetBeans 18\NetBeans-18\netbeans\java\maven\lib\jansi-native -Dmaven.multiModuleProjectDirectory=E:\1_University\Projects\6th semester\CSE 308 - Data Com\chat-app-master0001\chat-app-master 
java_command: org.codehaus.plexus.classworlds.launcher.Launcher -Dexec.vmArgs= -Dexec.args=${exec.vmArgs} -classpath %classpath ${exec.mainClass} ${exec.appArgs} -Dexec.appArgs= -Dexec.mainClass=client.ClientLauncher -Dexec.executable=C:\Users\SANJID\AppData\Local\Programs\Eclipse Adoptium\jdk-17.0.8.7-hotspot\bin\java.exe -Dmaven.ext.class.path=D:\NetBeans 18\NetBeans-18\netbeans\java\maven-nblib\netbeans-eventspy.jar --no-transfer-progress process-classes org.codehaus.mojo:exec-maven-plugin:3.1.0:exec
java_class_path (initial): D:\NetBeans 18\NetBeans-18\netbeans\java\maven\boot\plexus-classworlds-2.6.0.jar
Launcher Type: SUN_STANDARD

[Global flags]
     intx CICompilerCount                          = 3                                         {product} {ergonomic}
     uint ConcGCThreads                            = 1                                         {product} {ergonomic}
     uint G1ConcRefinementThreads                  = 4                                         {product} {ergonomic}
   size_t G1HeapRegionSize                         = 1048576                                   {product} {ergonomic}
    uintx GCDrainStackTargetSize                   = 64                                        {product} {ergonomic}
   size_t InitialHeapSize                          = 100663296                                 {product} {ergonomic}
   size_t MarkStackSize                            = 4194304                                   {product} {ergonomic}
   size_t MaxHeapSize                              = 1598029824                                {product} {ergonomic}
   size_t MinHeapDeltaBytes                        = 1048576                                   {product} {ergonomic}
   size_t MinHeapSize                              = 8388608                                   {product} {ergonomic}
    uintx NonNMethodCodeHeapSize                   = 5832780                                {pd product} {ergonomic}
    uintx NonProfiledCodeHeapSize                  = 122912730                              {pd product} {ergonomic}
    uintx ProfiledCodeHeapSize                     = 122912730                              {pd product} {ergonomic}
    uintx ReservedCodeCacheSize                    = 251658240                              {pd product} {ergonomic}
     bool SegmentedCodeCache                       = true                                      {product} {ergonomic}
   size_t SoftMaxHeapSize                          = 1598029824                             {manageable} {ergonomic}
     bool UseCompressedClassPointers               = true                           {product lp64_product} {ergonomic}
     bool UseCompressedOops                        = true                           {product lp64_product} {ergonomic}
     bool UseG1GC                                  = true                                      {product} {ergonomic}
     bool UseLargePagesIndividualAllocation        = false                                  {pd product} {ergonomic}

Logging:
Log output configuration:
 #0: stdout all=warning uptime,level,tags
 #1: stderr all=off uptime,level,tags

Environment Variables:
JAVA_HOME=C:\Users\SANJID\AppData\Local\Programs\Eclipse Adoptium\jdk-17.0.8.7-hotspot
PATH=C:\Windows\system32;C:\Windows;C:\Windows\System32\Wbem;C:\Windows\System32\WindowsPowerShell\v1.0\;C:\Windows\System32\OpenSSH\;C:\Program Files\MySQL\MySQL Server 8.0\bin;D:\Git\cmd;C:\Program Files\dotnet\;C:\Program Files\MySQL\MySQL Server 8.0\bin;D:\Node.js\;D:\minGW\bin;D:\PHP\php-8.3.6;C:\Program Files\MySQL\MySQL Shell 8.0\bin\;D:\Python\Scripts\;D:\Python\;C:\Users\SANJID\AppData\Local\Programs\Eclipse Adoptium\jdk-17.0.8.7-hotspot\bin;C:\Users\SANJID\AppData\Local\Microsoft\WindowsApps;D:\VS code\Microsoft VS Code\bin;C:\Users\SANJID\AppData\Local\GitHubDesktop\bin;C:\Users\SANJID\AppData\Roaming\npm;D:\LateX\miktex\bin\x64\
USERNAME=SANJID
OS=Windows_NT
PROCESSOR_IDENTIFIER=AMD64 Family 23 Model 24 Stepping 1, AuthenticAMD
TMP=C:\Users\SANJID\AppData\Local\Temp
TEMP=C:\Users\SANJID\AppData\Local\Temp



---------------  S Y S T E M  ---------------

OS:
 Windows 11 , 64 bit Build 22621 (10.0.22621.3672)
OS uptime: 1 days 23:17 hours
Hyper-V role detected

CPU: total 4 (initial active 4) (4 cores per cpu, 2 threads per core) family 23 model 24 stepping 1 microcode 0x0, cx8, cmov, fxsr, ht, mmx, 3dnowpref, sse, sse2, sse3, ssse3, sse4a, sse4.1, sse4.2, popcnt, lzcnt, tsc, tscinvbit, avx, avx2, aes, clmul, bmi1, bmi2, adx, sha, fma, vzeroupper, clflush, clflushopt, hv
Processor Information for all 4 processors :
  Max Mhz: 2600, Current Mhz: 2600, Mhz Limit: 2600

Memory: 4k page, system-wide physical 6094M (459M free)
TotalPageFile size 8142M (AvailPageFile size 92M)
current process WorkingSet (physical memory assigned to process): 11M, peak: 11M
current process commit charge ("private bytes"): 52M, peak: 147M

vm_info: OpenJDK 64-Bit Server VM (17.0.8+7) for windows-amd64 JRE (17.0.8+7), built on Jul 18 2023 21:02:32 by "admin" with MS VC++ 16.7 (VS2019)

END.
